<?xml version="1.0" encoding="UTF-8"?>
<!-- Generated by org.testng.reporters.JUnitReportReporter -->
<testsuite hostname="ambrish-Latitude-E6430" name="testdemo.JavaTPoint" tests="2" failures="0" timestamp="27 Mar 2020 14:34:37 GMT" time="13.615" errors="0">
  <testcase name="serach" time="2.748" classname="testdemo.JavaTPoint"/>
  <testcase name="openTpoint" time="10.867" classname="testdemo.JavaTPoint"/>
</testsuite> <!-- testdemo.JavaTPoint -->
